2025-10-29 09:57:02.743 [main] INFO  Unidad1.boletin2.LanzadorAnalisisTemperaturas - Lanzado proceso temp 10
2025-10-29 09:57:02.765 [main] INFO  Unidad1.boletin2.LanzadorAnalisisTemperaturas - Lanzado proceso temp 20
2025-10-29 09:57:02.768 [main] INFO  Unidad1.boletin2.LanzadorAnalisisTemperaturas - Lanzado proceso temp 25
2025-10-29 09:57:02.771 [main] INFO  Unidad1.boletin2.LanzadorAnalisisTemperaturas - Lanzado proceso temp 30
2025-10-29 09:57:02.773 [main] INFO  Unidad1.boletin2.LanzadorAnalisisTemperaturas - Lanzado proceso temp 35
2025-10-29 09:58:33.352 [main] INFO  Unidad1.boletin2.LanzadorAnalisisTemperaturas - Lanzado proceso temp 10
2025-10-29 09:58:33.357 [main] INFO  Unidad1.boletin2.LanzadorAnalisisTemperaturas - Lanzado proceso temp 20
2025-10-29 09:58:33.360 [main] INFO  Unidad1.boletin2.LanzadorAnalisisTemperaturas - Lanzado proceso temp 25
2025-10-29 09:58:33.363 [main] INFO  Unidad1.boletin2.LanzadorAnalisisTemperaturas - Lanzado proceso temp 30
2025-10-29 09:58:33.366 [main] INFO  Unidad1.boletin2.LanzadorAnalisisTemperaturas - Lanzado proceso temp 35
2025-10-29 09:58:39.038 [main] INFO  Unidad1.boletin2.LanzadorAnalisisTemperaturas - Lanzado proceso temp 10
2025-10-29 09:58:39.043 [main] INFO  Unidad1.boletin2.LanzadorAnalisisTemperaturas - Lanzado proceso temp 20
2025-10-29 09:58:39.045 [main] INFO  Unidad1.boletin2.LanzadorAnalisisTemperaturas - Lanzado proceso temp 25
2025-10-29 09:58:39.048 [main] INFO  Unidad1.boletin2.LanzadorAnalisisTemperaturas - Lanzado proceso temp 30
2025-10-29 09:58:39.051 [main] INFO  Unidad1.boletin2.LanzadorAnalisisTemperaturas - Lanzado proceso temp 35
2025-10-29 09:58:48.409 [main] INFO  Unidad1.boletin2.LanzadorAnalisisTemperaturas - Lanzado proceso temp 10
2025-10-29 09:58:48.414 [main] INFO  Unidad1.boletin2.LanzadorAnalisisTemperaturas - Lanzado proceso temp 20
2025-10-29 09:58:48.416 [main] INFO  Unidad1.boletin2.LanzadorAnalisisTemperaturas - Lanzado proceso temp 25
2025-10-29 09:58:48.419 [main] INFO  Unidad1.boletin2.LanzadorAnalisisTemperaturas - Lanzado proceso temp 30
2025-10-29 09:58:48.422 [main] INFO  Unidad1.boletin2.LanzadorAnalisisTemperaturas - Lanzado proceso temp 35
2025-10-29 09:58:53.236 [main] INFO  Unidad1.boletin2.LanzadorAnalisisTemperaturas - Lanzado proceso temp 10
2025-10-29 09:58:53.241 [main] INFO  Unidad1.boletin2.LanzadorAnalisisTemperaturas - Lanzado proceso temp 20
2025-10-29 09:58:53.243 [main] INFO  Unidad1.boletin2.LanzadorAnalisisTemperaturas - Lanzado proceso temp 25
2025-10-29 09:58:53.246 [main] INFO  Unidad1.boletin2.LanzadorAnalisisTemperaturas - Lanzado proceso temp 30
2025-10-29 09:58:53.250 [main] INFO  Unidad1.boletin2.LanzadorAnalisisTemperaturas - Lanzado proceso temp 35
2025-10-29 09:59:00.690 [main] INFO  Unidad1.boletin2.LanzadorAnalisisTemperaturas - Lanzado proceso temp 10
2025-10-29 09:59:00.695 [main] INFO  Unidad1.boletin2.LanzadorAnalisisTemperaturas - Lanzado proceso temp 20
2025-10-29 09:59:00.699 [main] INFO  Unidad1.boletin2.LanzadorAnalisisTemperaturas - Lanzado proceso temp 25
2025-10-29 09:59:00.702 [main] INFO  Unidad1.boletin2.LanzadorAnalisisTemperaturas - Lanzado proceso temp 30
2025-10-29 09:59:00.705 [main] INFO  Unidad1.boletin2.LanzadorAnalisisTemperaturas - Lanzado proceso temp 35
2025-10-29 09:59:25.094 [main] INFO  Unidad1.boletin2.LanzadorAnalisisTemperaturas - Lanzado proceso temp 10
2025-10-29 09:59:25.098 [main] INFO  Unidad1.boletin2.LanzadorAnalisisTemperaturas - Lanzado proceso temp 20
2025-10-29 09:59:25.101 [main] INFO  Unidad1.boletin2.LanzadorAnalisisTemperaturas - Lanzado proceso temp 25
2025-10-29 09:59:25.104 [main] INFO  Unidad1.boletin2.LanzadorAnalisisTemperaturas - Lanzado proceso temp 30
2025-10-29 09:59:25.107 [main] INFO  Unidad1.boletin2.LanzadorAnalisisTemperaturas - Lanzado proceso temp 35
2025-10-29 09:59:30.621 [main] INFO  Unidad1.boletin2.LanzadorAnalisisTemperaturas - Lanzado proceso temp 10
2025-10-29 09:59:30.625 [main] INFO  Unidad1.boletin2.LanzadorAnalisisTemperaturas - Lanzado proceso temp 20
2025-10-29 09:59:30.628 [main] INFO  Unidad1.boletin2.LanzadorAnalisisTemperaturas - Lanzado proceso temp 25
2025-10-29 09:59:30.631 [main] INFO  Unidad1.boletin2.LanzadorAnalisisTemperaturas - Lanzado proceso temp 30
2025-10-29 09:59:30.634 [main] INFO  Unidad1.boletin2.LanzadorAnalisisTemperaturas - Lanzado proceso temp 35
2025-10-29 10:02:47.571 [main] INFO  Unidad1.boletin2.LanzadorAnalisisTemperaturas - Lanzado proceso temp 10
2025-10-29 10:02:47.577 [main] INFO  Unidad1.boletin2.LanzadorAnalisisTemperaturas - Lanzado proceso temp 20
2025-10-29 10:02:47.579 [main] INFO  Unidad1.boletin2.LanzadorAnalisisTemperaturas - Lanzado proceso temp 25
2025-10-29 10:02:47.582 [main] INFO  Unidad1.boletin2.LanzadorAnalisisTemperaturas - Lanzado proceso temp 30
2025-10-29 10:02:47.585 [main] INFO  Unidad1.boletin2.LanzadorAnalisisTemperaturas - Lanzado proceso temp 35
2025-10-29 10:26:19.975 [main] INFO  Unidad1.boletin2.LanzadorAnalisisTemperaturas - Lanzado proceso temp 10
2025-10-29 10:26:19.979 [main] INFO  Unidad1.boletin2.LanzadorAnalisisTemperaturas - Lanzado proceso temp 20
2025-10-29 10:26:19.982 [main] INFO  Unidad1.boletin2.LanzadorAnalisisTemperaturas - Lanzado proceso temp 25
2025-10-29 10:26:19.985 [main] INFO  Unidad1.boletin2.LanzadorAnalisisTemperaturas - Lanzado proceso temp 30
2025-10-29 10:26:19.988 [main] INFO  Unidad1.boletin2.LanzadorAnalisisTemperaturas - Lanzado proceso temp 35
2025-10-29 10:33:38.434 [main] INFO  Unidad1.simulacro.LanzadorSepararprovincias - Lanzado proceso provincias Sevilla
2025-10-29 10:33:38.438 [main] INFO  Unidad1.simulacro.LanzadorSepararprovincias - Lanzado proceso provincias Cádiz
2025-10-29 10:33:38.441 [main] INFO  Unidad1.simulacro.LanzadorSepararprovincias - Lanzado proceso provincias Almería
2025-10-29 10:33:38.444 [main] INFO  Unidad1.simulacro.LanzadorSepararprovincias - Lanzado proceso provincias Córdoba
2025-10-29 10:33:38.447 [main] INFO  Unidad1.simulacro.LanzadorSepararprovincias - Lanzado proceso provincias Jaén
2025-10-29 10:33:38.450 [main] INFO  Unidad1.simulacro.LanzadorSepararprovincias - Lanzado proceso provincias Malaga
2025-10-29 10:33:38.454 [main] INFO  Unidad1.simulacro.LanzadorSepararprovincias - Lanzado proceso provincias Huelva
2025-10-29 10:33:38.458 [main] INFO  Unidad1.simulacro.LanzadorSepararprovincias - Lanzado proceso provincias Granada
2025-10-29 10:35:16.889 [main] INFO  Unidad1.simulacro.LanzadorSepararprovincias - Lanzado proceso provincias Sevilla
2025-10-29 10:35:16.894 [main] INFO  Unidad1.simulacro.LanzadorSepararprovincias - Lanzado proceso provincias Cádiz
2025-10-29 10:35:16.897 [main] INFO  Unidad1.simulacro.LanzadorSepararprovincias - Lanzado proceso provincias Almería
2025-10-29 10:35:16.901 [main] INFO  Unidad1.simulacro.LanzadorSepararprovincias - Lanzado proceso provincias Córdoba
2025-10-29 10:35:16.904 [main] INFO  Unidad1.simulacro.LanzadorSepararprovincias - Lanzado proceso provincias Jaén
2025-10-29 10:35:16.908 [main] INFO  Unidad1.simulacro.LanzadorSepararprovincias - Lanzado proceso provincias Malaga
2025-10-29 10:35:16.912 [main] INFO  Unidad1.simulacro.LanzadorSepararprovincias - Lanzado proceso provincias Huelva
2025-10-29 10:35:16.916 [main] INFO  Unidad1.simulacro.LanzadorSepararprovincias - Lanzado proceso provincias Granada
2025-10-29 10:35:40.897 [main] INFO  Unidad1.simulacro.LanzadorSepararprovincias - Lanzado proceso provincias Sevilla
2025-10-29 10:35:40.901 [main] INFO  Unidad1.simulacro.LanzadorSepararprovincias - Lanzado proceso provincias Cádiz
2025-10-29 10:35:40.904 [main] INFO  Unidad1.simulacro.LanzadorSepararprovincias - Lanzado proceso provincias Almería
2025-10-29 10:35:40.907 [main] INFO  Unidad1.simulacro.LanzadorSepararprovincias - Lanzado proceso provincias Córdoba
2025-10-29 10:35:40.910 [main] INFO  Unidad1.simulacro.LanzadorSepararprovincias - Lanzado proceso provincias Jaén
2025-10-29 10:35:40.913 [main] INFO  Unidad1.simulacro.LanzadorSepararprovincias - Lanzado proceso provincias Malaga
2025-10-29 10:35:40.917 [main] INFO  Unidad1.simulacro.LanzadorSepararprovincias - Lanzado proceso provincias Huelva
2025-10-29 10:35:40.920 [main] INFO  Unidad1.simulacro.LanzadorSepararprovincias - Lanzado proceso provincias Granada
2025-10-29 10:35:47.254 [main] INFO  Unidad1.simulacro.LanzadorSepararprovincias - Lanzado proceso provincias Sevilla
2025-10-29 10:35:47.258 [main] INFO  Unidad1.simulacro.LanzadorSepararprovincias - Lanzado proceso provincias Cádiz
2025-10-29 10:35:47.261 [main] INFO  Unidad1.simulacro.LanzadorSepararprovincias - Lanzado proceso provincias Almería
2025-10-29 10:35:47.264 [main] INFO  Unidad1.simulacro.LanzadorSepararprovincias - Lanzado proceso provincias Córdoba
2025-10-29 10:35:47.267 [main] INFO  Unidad1.simulacro.LanzadorSepararprovincias - Lanzado proceso provincias Jaén
2025-10-29 10:35:47.270 [main] INFO  Unidad1.simulacro.LanzadorSepararprovincias - Lanzado proceso provincias Malaga
2025-10-29 10:35:47.274 [main] INFO  Unidad1.simulacro.LanzadorSepararprovincias - Lanzado proceso provincias Huelva
2025-10-29 10:35:47.277 [main] INFO  Unidad1.simulacro.LanzadorSepararprovincias - Lanzado proceso provincias Granada
2025-10-29 10:36:48.461 [main] INFO  Unidad1.simulacro.LanzadorSepararprovincias - Lanzado proceso provincias Sevilla
2025-10-29 10:36:48.466 [main] INFO  Unidad1.simulacro.LanzadorSepararprovincias - Lanzado proceso provincias Cádiz
2025-10-29 10:36:48.468 [main] INFO  Unidad1.simulacro.LanzadorSepararprovincias - Lanzado proceso provincias Almería
2025-10-29 10:36:48.471 [main] INFO  Unidad1.simulacro.LanzadorSepararprovincias - Lanzado proceso provincias Córdoba
2025-10-29 10:36:48.474 [main] INFO  Unidad1.simulacro.LanzadorSepararprovincias - Lanzado proceso provincias Jaén
2025-10-29 10:36:48.478 [main] INFO  Unidad1.simulacro.LanzadorSepararprovincias - Lanzado proceso provincias Malaga
2025-10-29 10:36:48.482 [main] INFO  Unidad1.simulacro.LanzadorSepararprovincias - Lanzado proceso provincias Huelva
2025-10-29 10:36:48.486 [main] INFO  Unidad1.simulacro.LanzadorSepararprovincias - Lanzado proceso provincias Granada
2025-10-29 10:49:55.411 [main] INFO  Unidad1.simulacro.LanzadorSepararprovincias - Lanzado proceso provincias Sevilla
2025-10-29 10:49:55.415 [main] INFO  Unidad1.simulacro.LanzadorSepararprovincias - Lanzado proceso provincias Cádiz
2025-10-29 10:49:55.418 [main] INFO  Unidad1.simulacro.LanzadorSepararprovincias - Lanzado proceso provincias Almería
2025-10-29 10:49:55.421 [main] INFO  Unidad1.simulacro.LanzadorSepararprovincias - Lanzado proceso provincias Córdoba
2025-10-29 10:49:55.423 [main] INFO  Unidad1.simulacro.LanzadorSepararprovincias - Lanzado proceso provincias Jaén
2025-10-29 10:49:55.426 [main] INFO  Unidad1.simulacro.LanzadorSepararprovincias - Lanzado proceso provincias Malaga
2025-10-29 10:49:55.431 [main] INFO  Unidad1.simulacro.LanzadorSepararprovincias - Lanzado proceso provincias Huelva
2025-10-29 10:49:55.434 [main] INFO  Unidad1.simulacro.LanzadorSepararprovincias - Lanzado proceso provincias Granada
2025-10-29 10:50:41.170 [main] INFO  Unidad1.simulacro.LanzadorSepararprovincias - Lanzado proceso provincias Sevilla
2025-10-29 10:50:41.176 [main] INFO  Unidad1.simulacro.LanzadorSepararprovincias - Lanzado proceso provincias Cádiz
2025-10-29 10:50:41.180 [main] INFO  Unidad1.simulacro.LanzadorSepararprovincias - Lanzado proceso provincias Almería
2025-10-29 10:50:41.185 [main] INFO  Unidad1.simulacro.LanzadorSepararprovincias - Lanzado proceso provincias Córdoba
2025-10-29 10:50:41.188 [main] INFO  Unidad1.simulacro.LanzadorSepararprovincias - Lanzado proceso provincias Jaén
2025-10-29 10:50:41.192 [main] INFO  Unidad1.simulacro.LanzadorSepararprovincias - Lanzado proceso provincias Malaga
2025-10-29 10:50:41.196 [main] INFO  Unidad1.simulacro.LanzadorSepararprovincias - Lanzado proceso provincias Huelva
2025-10-29 10:50:41.200 [main] INFO  Unidad1.simulacro.LanzadorSepararprovincias - Lanzado proceso provincias Granada
2025-10-29 10:52:48.719 [main] INFO  Unidad1.simulacro.LanzadorSepararprovincias - Lanzado proceso provincias Sevilla
2025-10-29 10:52:48.724 [main] INFO  Unidad1.simulacro.LanzadorSepararprovincias - Lanzado proceso provincias Cádiz
2025-10-29 10:52:48.727 [main] INFO  Unidad1.simulacro.LanzadorSepararprovincias - Lanzado proceso provincias Almería
2025-10-29 10:52:48.730 [main] INFO  Unidad1.simulacro.LanzadorSepararprovincias - Lanzado proceso provincias Córdoba
2025-10-29 10:52:48.732 [main] INFO  Unidad1.simulacro.LanzadorSepararprovincias - Lanzado proceso provincias Jaén
2025-10-29 10:52:48.736 [main] INFO  Unidad1.simulacro.LanzadorSepararprovincias - Lanzado proceso provincias Malaga
2025-10-29 10:52:48.740 [main] INFO  Unidad1.simulacro.LanzadorSepararprovincias - Lanzado proceso provincias Huelva
2025-10-29 10:52:48.743 [main] INFO  Unidad1.simulacro.LanzadorSepararprovincias - Lanzado proceso provincias Granada
2025-10-29 11:55:36.202 [main] INFO  Unidad1.simulacro.LanzadorSepararprovincias - Lanzado proceso provincias Sevilla
2025-10-29 11:55:36.207 [main] INFO  Unidad1.simulacro.LanzadorSepararprovincias - Lanzado proceso provincias Cádiz
2025-10-29 11:55:36.209 [main] INFO  Unidad1.simulacro.LanzadorSepararprovincias - Lanzado proceso provincias Almería
2025-10-29 11:55:36.212 [main] INFO  Unidad1.simulacro.LanzadorSepararprovincias - Lanzado proceso provincias Córdoba
2025-10-29 11:55:36.215 [main] INFO  Unidad1.simulacro.LanzadorSepararprovincias - Lanzado proceso provincias Jaén
2025-10-29 11:55:36.218 [main] INFO  Unidad1.simulacro.LanzadorSepararprovincias - Lanzado proceso provincias Malaga
2025-10-29 11:55:36.222 [main] INFO  Unidad1.simulacro.LanzadorSepararprovincias - Lanzado proceso provincias Huelva
2025-10-29 11:55:36.226 [main] INFO  Unidad1.simulacro.LanzadorSepararprovincias - Lanzado proceso provincias Granada
2025-10-29 12:09:37.028 [main] INFO  Unidad1.simulacro.LanzadorSepararprovincias - Lanzado proceso provincias Sevilla
2025-10-29 12:09:37.033 [main] INFO  Unidad1.simulacro.LanzadorSepararprovincias - Lanzado proceso provincias Cádiz
2025-10-29 12:09:37.035 [main] INFO  Unidad1.simulacro.LanzadorSepararprovincias - Lanzado proceso provincias Almería
2025-10-29 12:09:37.039 [main] INFO  Unidad1.simulacro.LanzadorSepararprovincias - Lanzado proceso provincias Córdoba
2025-10-29 12:09:37.042 [main] INFO  Unidad1.simulacro.LanzadorSepararprovincias - Lanzado proceso provincias Jaén
2025-10-29 12:09:37.045 [main] INFO  Unidad1.simulacro.LanzadorSepararprovincias - Lanzado proceso provincias Malaga
2025-10-29 12:09:37.048 [main] INFO  Unidad1.simulacro.LanzadorSepararprovincias - Lanzado proceso provincias Huelva
2025-10-29 12:09:37.051 [main] INFO  Unidad1.simulacro.LanzadorSepararprovincias - Lanzado proceso provincias Granada
2025-10-29 12:11:35.662 [main] INFO  Unidad1.simulacro.LanzadorSepararprovincias - Lanzado proceso provincias Sevilla
2025-10-29 12:11:35.667 [main] INFO  Unidad1.simulacro.LanzadorSepararprovincias - Lanzado proceso provincias Cádiz
2025-10-29 12:11:35.669 [main] INFO  Unidad1.simulacro.LanzadorSepararprovincias - Lanzado proceso provincias Almería
2025-10-29 12:11:35.674 [main] INFO  Unidad1.simulacro.LanzadorSepararprovincias - Lanzado proceso provincias Córdoba
2025-10-29 12:11:35.677 [main] INFO  Unidad1.simulacro.LanzadorSepararprovincias - Lanzado proceso provincias Jaén
2025-10-29 12:11:35.680 [main] INFO  Unidad1.simulacro.LanzadorSepararprovincias - Lanzado proceso provincias Malaga
2025-10-29 12:11:35.684 [main] INFO  Unidad1.simulacro.LanzadorSepararprovincias - Lanzado proceso provincias Huelva
2025-10-29 12:11:35.688 [main] INFO  Unidad1.simulacro.LanzadorSepararprovincias - Lanzado proceso provincias Granada
2025-10-29 12:12:50.233 [main] INFO  Unidad1.simulacro.LanzadorSepararprovincias - Lanzado proceso provincias Sevilla
2025-10-29 12:12:50.238 [main] INFO  Unidad1.simulacro.LanzadorSepararprovincias - Lanzado proceso provincias Cádiz
2025-10-29 12:12:50.241 [main] INFO  Unidad1.simulacro.LanzadorSepararprovincias - Lanzado proceso provincias Almería
2025-10-29 12:12:50.243 [main] INFO  Unidad1.simulacro.LanzadorSepararprovincias - Lanzado proceso provincias Córdoba
2025-10-29 12:12:50.246 [main] INFO  Unidad1.simulacro.LanzadorSepararprovincias - Lanzado proceso provincias Jaén
2025-10-29 12:12:50.249 [main] INFO  Unidad1.simulacro.LanzadorSepararprovincias - Lanzado proceso provincias Malaga
2025-10-29 12:12:50.253 [main] INFO  Unidad1.simulacro.LanzadorSepararprovincias - Lanzado proceso provincias Huelva
2025-10-29 12:12:50.256 [main] INFO  Unidad1.simulacro.LanzadorSepararprovincias - Lanzado proceso provincias Granada
2025-10-29 12:13:27.225 [main] INFO  Unidad1.simulacro.LanzadorSepararprovincias - Lanzado proceso provincias Sevilla
2025-10-29 12:13:27.229 [main] INFO  Unidad1.simulacro.LanzadorSepararprovincias - Lanzado proceso provincias Cádiz
2025-10-29 12:13:27.232 [main] INFO  Unidad1.simulacro.LanzadorSepararprovincias - Lanzado proceso provincias Almería
2025-10-29 12:13:27.236 [main] INFO  Unidad1.simulacro.LanzadorSepararprovincias - Lanzado proceso provincias Córdoba
2025-10-29 12:13:27.239 [main] INFO  Unidad1.simulacro.LanzadorSepararprovincias - Lanzado proceso provincias Jaén
2025-10-29 12:13:27.242 [main] INFO  Unidad1.simulacro.LanzadorSepararprovincias - Lanzado proceso provincias Malaga
2025-10-29 12:13:27.245 [main] INFO  Unidad1.simulacro.LanzadorSepararprovincias - Lanzado proceso provincias Huelva
2025-10-29 12:13:27.249 [main] INFO  Unidad1.simulacro.LanzadorSepararprovincias - Lanzado proceso provincias Granada
2025-10-29 12:14:24.120 [main] INFO  Unidad1.simulacro.LanzadorSepararprovincias - Lanzado proceso provincias Sevilla
2025-10-29 12:14:24.125 [main] INFO  Unidad1.simulacro.LanzadorSepararprovincias - Lanzado proceso provincias Cádiz
2025-10-29 12:14:24.128 [main] INFO  Unidad1.simulacro.LanzadorSepararprovincias - Lanzado proceso provincias Almería
2025-10-29 12:14:24.130 [main] INFO  Unidad1.simulacro.LanzadorSepararprovincias - Lanzado proceso provincias Córdoba
2025-10-29 12:14:24.133 [main] INFO  Unidad1.simulacro.LanzadorSepararprovincias - Lanzado proceso provincias Jaén
2025-10-29 12:14:24.137 [main] INFO  Unidad1.simulacro.LanzadorSepararprovincias - Lanzado proceso provincias Malaga
2025-10-29 12:14:24.140 [main] INFO  Unidad1.simulacro.LanzadorSepararprovincias - Lanzado proceso provincias Huelva
2025-10-29 12:14:24.144 [main] INFO  Unidad1.simulacro.LanzadorSepararprovincias - Lanzado proceso provincias Granada
2025-10-29 12:15:23.964 [main] INFO  Unidad1.simulacro.LanzadorSepararprovincias - Lanzado proceso provincias Sevilla
2025-10-29 12:15:23.970 [main] INFO  Unidad1.simulacro.LanzadorSepararprovincias - Lanzado proceso provincias Cádiz
2025-10-29 12:15:23.972 [main] INFO  Unidad1.simulacro.LanzadorSepararprovincias - Lanzado proceso provincias Almería
2025-10-29 12:15:23.975 [main] INFO  Unidad1.simulacro.LanzadorSepararprovincias - Lanzado proceso provincias Córdoba
2025-10-29 12:15:23.979 [main] INFO  Unidad1.simulacro.LanzadorSepararprovincias - Lanzado proceso provincias Jaén
2025-10-29 12:15:23.982 [main] INFO  Unidad1.simulacro.LanzadorSepararprovincias - Lanzado proceso provincias Malaga
2025-10-29 12:15:23.985 [main] INFO  Unidad1.simulacro.LanzadorSepararprovincias - Lanzado proceso provincias Huelva
2025-10-29 12:15:23.989 [main] INFO  Unidad1.simulacro.LanzadorSepararprovincias - Lanzado proceso provincias Granada
2025-10-29 12:24:08.398 [main] INFO  Unidad1.simulacro.LanzadorSepararprovincias - Lanzado proceso provincias Sevilla
2025-10-29 12:24:08.402 [main] INFO  Unidad1.simulacro.LanzadorSepararprovincias - Lanzado proceso provincias Cádiz
2025-10-29 12:24:08.405 [main] INFO  Unidad1.simulacro.LanzadorSepararprovincias - Lanzado proceso provincias Almería
2025-10-29 12:24:08.408 [main] INFO  Unidad1.simulacro.LanzadorSepararprovincias - Lanzado proceso provincias Córdoba
2025-10-29 12:24:08.412 [main] INFO  Unidad1.simulacro.LanzadorSepararprovincias - Lanzado proceso provincias Jaén
2025-10-29 12:24:08.415 [main] INFO  Unidad1.simulacro.LanzadorSepararprovincias - Lanzado proceso provincias Malaga
2025-10-29 12:24:08.419 [main] INFO  Unidad1.simulacro.LanzadorSepararprovincias - Lanzado proceso provincias Huelva
2025-10-29 12:24:08.423 [main] INFO  Unidad1.simulacro.LanzadorSepararprovincias - Lanzado proceso provincias Granada
2025-10-29 12:26:37.768 [main] INFO  Unidad1.simulacro.LanzadorSepararprovincias - Lanzado proceso provincias Sevilla
2025-10-29 12:26:37.772 [main] INFO  Unidad1.simulacro.LanzadorSepararprovincias - Lanzado proceso provincias Cádiz
2025-10-29 12:26:37.775 [main] INFO  Unidad1.simulacro.LanzadorSepararprovincias - Lanzado proceso provincias Almería
2025-10-29 12:26:37.778 [main] INFO  Unidad1.simulacro.LanzadorSepararprovincias - Lanzado proceso provincias Córdoba
2025-10-29 12:26:37.781 [main] INFO  Unidad1.simulacro.LanzadorSepararprovincias - Lanzado proceso provincias Jaén
2025-10-29 12:26:37.785 [main] INFO  Unidad1.simulacro.LanzadorSepararprovincias - Lanzado proceso provincias Malaga
2025-10-29 12:26:37.789 [main] INFO  Unidad1.simulacro.LanzadorSepararprovincias - Lanzado proceso provincias Huelva
2025-10-29 12:26:37.792 [main] INFO  Unidad1.simulacro.LanzadorSepararprovincias - Lanzado proceso provincias Granada
2025-10-29 12:28:10.301 [main] INFO  Unidad1.simulacro.LanzadorSepararprovincias - Lanzado proceso provincias Sevilla
2025-10-29 12:28:10.305 [main] INFO  Unidad1.simulacro.LanzadorSepararprovincias - Lanzado proceso provincias Cádiz
2025-10-29 12:28:10.308 [main] INFO  Unidad1.simulacro.LanzadorSepararprovincias - Lanzado proceso provincias Almería
2025-10-29 12:28:10.311 [main] INFO  Unidad1.simulacro.LanzadorSepararprovincias - Lanzado proceso provincias Córdoba
2025-10-29 12:28:10.314 [main] INFO  Unidad1.simulacro.LanzadorSepararprovincias - Lanzado proceso provincias Jaén
2025-10-29 12:28:10.318 [main] INFO  Unidad1.simulacro.LanzadorSepararprovincias - Lanzado proceso provincias Malaga
2025-10-29 12:28:10.322 [main] INFO  Unidad1.simulacro.LanzadorSepararprovincias - Lanzado proceso provincias Huelva
2025-10-29 12:28:10.325 [main] INFO  Unidad1.simulacro.LanzadorSepararprovincias - Lanzado proceso provincias Granada
2025-10-29 12:34:25.916 [main] INFO  Unidad1.simulacro.LanzadorSepararprovincias - Lanzado proceso provincias Sevilla
2025-10-29 12:34:25.921 [main] INFO  Unidad1.simulacro.LanzadorSepararprovincias - Lanzado proceso provincias Cádiz
2025-10-29 12:34:25.924 [main] INFO  Unidad1.simulacro.LanzadorSepararprovincias - Lanzado proceso provincias Almería
2025-10-29 12:34:25.926 [main] INFO  Unidad1.simulacro.LanzadorSepararprovincias - Lanzado proceso provincias Córdoba
2025-10-29 12:34:25.929 [main] INFO  Unidad1.simulacro.LanzadorSepararprovincias - Lanzado proceso provincias Jaén
2025-10-29 12:34:25.933 [main] INFO  Unidad1.simulacro.LanzadorSepararprovincias - Lanzado proceso provincias Malaga
2025-10-29 12:34:25.936 [main] INFO  Unidad1.simulacro.LanzadorSepararprovincias - Lanzado proceso provincias Huelva
2025-10-29 12:34:25.940 [main] INFO  Unidad1.simulacro.LanzadorSepararprovincias - Lanzado proceso provincias Granada
2025-10-29 12:34:59.136 [main] INFO  Unidad1.simulacro.LanzadorSepararprovincias - Lanzado proceso provincias Sevilla
2025-10-29 12:34:59.141 [main] INFO  Unidad1.simulacro.LanzadorSepararprovincias - Lanzado proceso provincias Cádiz
2025-10-29 12:34:59.144 [main] INFO  Unidad1.simulacro.LanzadorSepararprovincias - Lanzado proceso provincias Almería
2025-10-29 12:34:59.147 [main] INFO  Unidad1.simulacro.LanzadorSepararprovincias - Lanzado proceso provincias Córdoba
2025-10-29 12:34:59.149 [main] INFO  Unidad1.simulacro.LanzadorSepararprovincias - Lanzado proceso provincias Jaén
2025-10-29 12:34:59.153 [main] INFO  Unidad1.simulacro.LanzadorSepararprovincias - Lanzado proceso provincias Malaga
2025-10-29 12:34:59.156 [main] INFO  Unidad1.simulacro.LanzadorSepararprovincias - Lanzado proceso provincias Huelva
2025-10-29 12:34:59.160 [main] INFO  Unidad1.simulacro.LanzadorSepararprovincias - Lanzado proceso provincias Granada
2025-10-29 12:35:41.677 [main] INFO  Unidad1.simulacro.LanzadorSepararprovincias - Lanzado proceso provincias Sevilla
2025-10-29 12:35:41.681 [main] INFO  Unidad1.simulacro.LanzadorSepararprovincias - Lanzado proceso provincias Cádiz
2025-10-29 12:35:41.683 [main] INFO  Unidad1.simulacro.LanzadorSepararprovincias - Lanzado proceso provincias Almería
2025-10-29 12:35:41.686 [main] INFO  Unidad1.simulacro.LanzadorSepararprovincias - Lanzado proceso provincias Córdoba
2025-10-29 12:35:41.689 [main] INFO  Unidad1.simulacro.LanzadorSepararprovincias - Lanzado proceso provincias Jaén
2025-10-29 12:35:41.693 [main] INFO  Unidad1.simulacro.LanzadorSepararprovincias - Lanzado proceso provincias Malaga
2025-10-29 12:35:41.696 [main] INFO  Unidad1.simulacro.LanzadorSepararprovincias - Lanzado proceso provincias Huelva
2025-10-29 12:35:41.699 [main] INFO  Unidad1.simulacro.LanzadorSepararprovincias - Lanzado proceso provincias Granada
2025-10-29 12:37:18.738 [main] INFO  Unidad1.simulacro.LanzadorSepararprovincias - Lanzado proceso provincias Sevilla
2025-10-29 12:37:18.744 [main] INFO  Unidad1.simulacro.LanzadorSepararprovincias - Lanzado proceso provincias Cádiz
2025-10-29 12:37:18.746 [main] INFO  Unidad1.simulacro.LanzadorSepararprovincias - Lanzado proceso provincias Almería
2025-10-29 12:37:18.749 [main] INFO  Unidad1.simulacro.LanzadorSepararprovincias - Lanzado proceso provincias Córdoba
2025-10-29 12:37:18.752 [main] INFO  Unidad1.simulacro.LanzadorSepararprovincias - Lanzado proceso provincias Jaén
2025-10-29 12:37:18.756 [main] INFO  Unidad1.simulacro.LanzadorSepararprovincias - Lanzado proceso provincias Malaga
2025-10-29 12:37:18.759 [main] INFO  Unidad1.simulacro.LanzadorSepararprovincias - Lanzado proceso provincias Huelva
2025-10-29 12:37:18.763 [main] INFO  Unidad1.simulacro.LanzadorSepararprovincias - Lanzado proceso provincias Granada
2025-10-29 12:39:28.341 [main] INFO  Unidad1.simulacro.LanzadorSepararprovincias - Lanzado proceso provincias Sevilla
2025-10-29 12:39:28.347 [main] INFO  Unidad1.simulacro.LanzadorSepararprovincias - Lanzado proceso provincias Cádiz
2025-10-29 12:39:28.350 [main] INFO  Unidad1.simulacro.LanzadorSepararprovincias - Lanzado proceso provincias Almería
2025-10-29 12:39:28.353 [main] INFO  Unidad1.simulacro.LanzadorSepararprovincias - Lanzado proceso provincias Córdoba
2025-10-29 12:39:28.356 [main] INFO  Unidad1.simulacro.LanzadorSepararprovincias - Lanzado proceso provincias Jaén
2025-10-29 12:39:28.360 [main] INFO  Unidad1.simulacro.LanzadorSepararprovincias - Lanzado proceso provincias Malaga
2025-10-29 12:39:28.363 [main] INFO  Unidad1.simulacro.LanzadorSepararprovincias - Lanzado proceso provincias Huelva
2025-10-29 12:39:28.367 [main] INFO  Unidad1.simulacro.LanzadorSepararprovincias - Lanzado proceso provincias Granada
